<?xml version="1.0" encoding="UTF-8"?>
<!-- Generated by org.testng.reporters.JUnitReportReporter -->
<testsuite skipped="0" hostname="Waleed-Lap" name="com.bb.tests.ComputersTests" tests="1" failures="0" timestamp="18 May 2019 14:09:06 GMT" time="7.976" errors="0">
  <testcase name="checkCreateNewComputerTest" time="7.976" classname="com.bb.tests.ComputersTests"/>
</testsuite> <!-- com.bb.tests.ComputersTests -->
