<?xml version="1.0" encoding="UTF-8"?>
<!-- Generated by org.testng.reporters.JUnitReportReporter -->
<testsuite skipped="0" hostname="Waleed-Lap" name="com.bb.tests.Dummy" tests="1" failures="0" timestamp="19 May 2019 22:42:55 GMT" time="0.015" errors="0">
  <testcase name="test" time="0.015" classname="com.bb.tests.Dummy"/>
</testsuite> <!-- com.bb.tests.Dummy -->
