<?xml version="1.0" encoding="UTF-8"?>
<!-- Generated by org.testng.reporters.JUnitReportReporter -->
<testsuite skipped="0" hostname="Waleed-Lap" name="com.bb.tests.ComputersTests" tests="1" failures="0" timestamp="19 May 2019 23:13:55 GMT" time="11.431" errors="0">
  <testcase name="checkCreateNewComputerWithValidDataTest" time="11.431" classname="com.bb.tests.ComputersTests"/>
</testsuite> <!-- com.bb.tests.ComputersTests -->
